2017-10-05 19:47:58.434  INFO 4688 --- [main] c.g.i.GestionincidentsApplication        : Starting GestionincidentsApplication on DESKTOP-OCPCT6L with PID 4688 (C:\Users\parko\Documents\workspace-sts-3.8.4.RELEASE\incident\target\classes started by parko in C:\Users\parko\Documents\workspace-sts-3.8.4.RELEASE\incident)
2017-10-05 19:47:58.437  INFO 4688 --- [main] c.g.i.GestionincidentsApplication        : No active profile set, falling back to default profiles: default
2017-10-05 19:47:58.480  INFO 4688 --- [main] ationConfigEmbeddedWebApplicationContext : Refreshing org.springframework.boot.context.embedded.AnnotationConfigEmbeddedWebApplicationContext@327514f: startup date [Thu Oct 05 19:47:58 CEST 2017]; root of context hierarchy
2017-10-05 19:47:59.533  INFO 4688 --- [main] trationDelegate$BeanPostProcessorChecker : Bean 'org.springframework.transaction.annotation.ProxyTransactionManagementConfiguration' of type [class org.springframework.transaction.annotation.ProxyTransactionManagementConfiguration$$EnhancerBySpringCGLIB$$9b0ba80f] is not eligible for getting processed by all BeanPostProcessors (for example: not eligible for auto-proxying)
2017-10-05 19:47:59.874  INFO 4688 --- [main] s.b.c.e.t.TomcatEmbeddedServletContainer : Tomcat initialized with port(s): 8080 (http)
2017-10-05 19:47:59.884  INFO 4688 --- [main] o.apache.catalina.core.StandardService   : Starting service Tomcat
2017-10-05 19:47:59.885  INFO 4688 --- [main] org.apache.catalina.core.StandardEngine  : Starting Servlet Engine: Apache Tomcat/8.5.6
2017-10-05 19:47:59.980  INFO 4688 --- [localhost-startStop-1] o.a.c.c.C.[Tomcat].[localhost].[/]       : Initializing Spring embedded WebApplicationContext
2017-10-05 19:47:59.980  INFO 4688 --- [localhost-startStop-1] o.s.web.context.ContextLoader            : Root WebApplicationContext: initialization completed in 1502 ms
2017-10-05 19:48:00.136  INFO 4688 --- [localhost-startStop-1] o.s.b.w.servlet.ServletRegistrationBean  : Mapping servlet: 'dispatcherServlet' to [/]
2017-10-05 19:48:00.140  INFO 4688 --- [localhost-startStop-1] o.s.b.w.servlet.FilterRegistrationBean   : Mapping filter: 'characterEncodingFilter' to: [/*]
2017-10-05 19:48:00.140  INFO 4688 --- [localhost-startStop-1] o.s.b.w.servlet.FilterRegistrationBean   : Mapping filter: 'hiddenHttpMethodFilter' to: [/*]
2017-10-05 19:48:00.141  INFO 4688 --- [localhost-startStop-1] o.s.b.w.servlet.FilterRegistrationBean   : Mapping filter: 'httpPutFormContentFilter' to: [/*]
2017-10-05 19:48:00.141  INFO 4688 --- [localhost-startStop-1] o.s.b.w.servlet.FilterRegistrationBean   : Mapping filter: 'requestContextFilter' to: [/*]
2017-10-05 19:48:00.612  INFO 4688 --- [main] j.LocalContainerEntityManagerFactoryBean : Building JPA container EntityManagerFactory for persistence unit 'default'
2017-10-05 19:48:00.625  INFO 4688 --- [main] o.hibernate.jpa.internal.util.LogHelper  : HHH000204: Processing PersistenceUnitInfo [
	name: default
	...]
2017-10-05 19:48:00.681  INFO 4688 --- [main] org.hibernate.Version                    : HHH000412: Hibernate Core {5.0.11.Final}
2017-10-05 19:48:00.682  INFO 4688 --- [main] org.hibernate.cfg.Environment            : HHH000206: hibernate.properties not found
2017-10-05 19:48:00.683  INFO 4688 --- [main] org.hibernate.cfg.Environment            : HHH000021: Bytecode provider name : javassist
2017-10-05 19:48:00.811  INFO 4688 --- [main] o.hibernate.annotations.common.Version   : HCANN000001: Hibernate Commons Annotations {5.0.1.Final}
2017-10-05 19:48:00.906  INFO 4688 --- [main] org.hibernate.dialect.Dialect            : HHH000400: Using dialect: org.hibernate.dialect.Oracle10gDialect
2017-10-05 19:48:01.198  INFO 4688 --- [main] j.LocalContainerEntityManagerFactoryBean : Initialized JPA EntityManagerFactory for persistence unit 'default'
2017-10-05 19:48:01.450  INFO 4688 --- [main] s.w.s.m.m.a.RequestMappingHandlerAdapter : Looking for @ControllerAdvice: org.springframework.boot.context.embedded.AnnotationConfigEmbeddedWebApplicationContext@327514f: startup date [Thu Oct 05 19:47:58 CEST 2017]; root of context hierarchy
2017-10-05 19:48:01.525  INFO 4688 --- [main] s.w.s.m.m.a.RequestMappingHandlerMapping : Mapped "{[/clients/{id}],methods=[DELETE]}" onto public java.lang.String com.gestion.incident.controller.ClientController.DeleteClient(java.lang.String)
2017-10-05 19:48:01.526  INFO 4688 --- [main] s.w.s.m.m.a.RequestMappingHandlerMapping : Mapped "{[/clients]}" onto public java.util.List<com.gestion.incident.bean.Client> com.gestion.incident.controller.ClientController.GetAllClients() throws java.text.ParseException
2017-10-05 19:48:01.526  INFO 4688 --- [main] s.w.s.m.m.a.RequestMappingHandlerMapping : Mapped "{[/clients],methods=[POST]}" onto public java.lang.String com.gestion.incident.controller.ClientController.AddClient(com.gestion.incident.bean.Client)
2017-10-05 19:48:01.527  INFO 4688 --- [main] s.w.s.m.m.a.RequestMappingHandlerMapping : Mapped "{[/client/{id}]}" onto public com.gestion.incident.bean.Client com.gestion.incident.controller.ClientController.GetClientById(java.lang.String)
2017-10-05 19:48:01.527  INFO 4688 --- [main] s.w.s.m.m.a.RequestMappingHandlerMapping : Mapped "{[/clients/{id}],methods=[PUT]}" onto public java.lang.String com.gestion.incident.controller.ClientController.UpdateClient(com.gestion.incident.bean.Client,java.lang.String)
2017-10-05 19:48:01.527  INFO 4688 --- [main] s.w.s.m.m.a.RequestMappingHandlerMapping : Mapped "{[/]}" onto public java.lang.String com.gestion.incident.controller.IncidentController.hello()
2017-10-05 19:48:01.529  INFO 4688 --- [main] s.w.s.m.m.a.RequestMappingHandlerMapping : Mapped "{[/error]}" onto public org.springframework.http.ResponseEntity<java.util.Map<java.lang.String, java.lang.Object>> org.springframework.boot.autoconfigure.web.BasicErrorController.error(javax.servlet.http.HttpServletRequest)
2017-10-05 19:48:01.530  INFO 4688 --- [main] s.w.s.m.m.a.RequestMappingHandlerMapping : Mapped "{[/error],produces=[text/html]}" onto public org.springframework.web.servlet.ModelAndView org.springframework.boot.autoconfigure.web.BasicErrorController.errorHtml(javax.servlet.http.HttpServletRequest,javax.servlet.http.HttpServletResponse)
2017-10-05 19:48:01.556  INFO 4688 --- [main] o.s.w.s.handler.SimpleUrlHandlerMapping  : Mapped URL path [/webjars/**] onto handler of type [class org.springframework.web.servlet.resource.ResourceHttpRequestHandler]
2017-10-05 19:48:01.556  INFO 4688 --- [main] o.s.w.s.handler.SimpleUrlHandlerMapping  : Mapped URL path [/**] onto handler of type [class org.springframework.web.servlet.resource.ResourceHttpRequestHandler]
2017-10-05 19:48:01.587  INFO 4688 --- [main] o.s.w.s.handler.SimpleUrlHandlerMapping  : Mapped URL path [/**/favicon.ico] onto handler of type [class org.springframework.web.servlet.resource.ResourceHttpRequestHandler]
2017-10-05 19:48:01.817  INFO 4688 --- [main] o.s.j.e.a.AnnotationMBeanExporter        : Registering beans for JMX exposure on startup
2017-10-05 19:48:01.872  INFO 4688 --- [main] s.b.c.e.t.TomcatEmbeddedServletContainer : Tomcat started on port(s): 8080 (http)
2017-10-05 19:48:01.877  INFO 4688 --- [main] c.g.i.GestionincidentsApplication        : Started GestionincidentsApplication in 3.774 seconds (JVM running for 4.254)
2017-10-05 20:12:35.466  INFO 4688 --- [RMI TCP Connection(2)-127.0.0.1] inMXBeanRegistrar$SpringApplicationAdmin : Application shutdown requested.
2017-10-05 20:12:35.466  INFO 4688 --- [RMI TCP Connection(2)-127.0.0.1] ationConfigEmbeddedWebApplicationContext : Closing org.springframework.boot.context.embedded.AnnotationConfigEmbeddedWebApplicationContext@327514f: startup date [Thu Oct 05 19:47:58 CEST 2017]; root of context hierarchy
2017-10-05 20:12:35.468  INFO 4688 --- [RMI TCP Connection(2)-127.0.0.1] o.s.j.e.a.AnnotationMBeanExporter        : Unregistering JMX-exposed beans on shutdown
2017-10-05 20:12:35.469  INFO 4688 --- [RMI TCP Connection(2)-127.0.0.1] j.LocalContainerEntityManagerFactoryBean : Closing JPA EntityManagerFactory for persistence unit 'default'
2017-10-05 20:12:38.863  INFO 10188 --- [main] c.g.i.GestionincidentsApplication        : Starting GestionincidentsApplication on DESKTOP-OCPCT6L with PID 10188 (C:\Users\parko\Documents\workspace-sts-3.8.4.RELEASE\incident\target\classes started by parko in C:\Users\parko\Documents\workspace-sts-3.8.4.RELEASE\incident)
2017-10-05 20:12:38.867  INFO 10188 --- [main] c.g.i.GestionincidentsApplication        : No active profile set, falling back to default profiles: default
2017-10-05 20:12:38.909  INFO 10188 --- [main] ationConfigEmbeddedWebApplicationContext : Refreshing org.springframework.boot.context.embedded.AnnotationConfigEmbeddedWebApplicationContext@327514f: startup date [Thu Oct 05 20:12:38 CEST 2017]; root of context hierarchy
2017-10-05 20:12:39.998  INFO 10188 --- [main] trationDelegate$BeanPostProcessorChecker : Bean 'org.springframework.transaction.annotation.ProxyTransactionManagementConfiguration' of type [class org.springframework.transaction.annotation.ProxyTransactionManagementConfiguration$$EnhancerBySpringCGLIB$$9b0ba80f] is not eligible for getting processed by all BeanPostProcessors (for example: not eligible for auto-proxying)
2017-10-05 20:12:40.348  INFO 10188 --- [main] s.b.c.e.t.TomcatEmbeddedServletContainer : Tomcat initialized with port(s): 8080 (http)
2017-10-05 20:12:40.358  INFO 10188 --- [main] o.apache.catalina.core.StandardService   : Starting service Tomcat
2017-10-05 20:12:40.359  INFO 10188 --- [main] org.apache.catalina.core.StandardEngine  : Starting Servlet Engine: Apache Tomcat/8.5.6
2017-10-05 20:12:40.461  INFO 10188 --- [localhost-startStop-1] o.a.c.c.C.[Tomcat].[localhost].[/]       : Initializing Spring embedded WebApplicationContext
2017-10-05 20:12:40.462  INFO 10188 --- [localhost-startStop-1] o.s.web.context.ContextLoader            : Root WebApplicationContext: initialization completed in 1555 ms
2017-10-05 20:12:40.613  INFO 10188 --- [localhost-startStop-1] o.s.b.w.servlet.ServletRegistrationBean  : Mapping servlet: 'dispatcherServlet' to [/]
2017-10-05 20:12:40.617  INFO 10188 --- [localhost-startStop-1] o.s.b.w.servlet.FilterRegistrationBean   : Mapping filter: 'characterEncodingFilter' to: [/*]
2017-10-05 20:12:40.618  INFO 10188 --- [localhost-startStop-1] o.s.b.w.servlet.FilterRegistrationBean   : Mapping filter: 'hiddenHttpMethodFilter' to: [/*]
2017-10-05 20:12:40.618  INFO 10188 --- [localhost-startStop-1] o.s.b.w.servlet.FilterRegistrationBean   : Mapping filter: 'httpPutFormContentFilter' to: [/*]
2017-10-05 20:12:40.618  INFO 10188 --- [localhost-startStop-1] o.s.b.w.servlet.FilterRegistrationBean   : Mapping filter: 'requestContextFilter' to: [/*]
2017-10-05 20:12:41.079  INFO 10188 --- [main] j.LocalContainerEntityManagerFactoryBean : Building JPA container EntityManagerFactory for persistence unit 'default'
2017-10-05 20:12:41.095  INFO 10188 --- [main] o.hibernate.jpa.internal.util.LogHelper  : HHH000204: Processing PersistenceUnitInfo [
	name: default
	...]
2017-10-05 20:12:41.156  INFO 10188 --- [main] org.hibernate.Version                    : HHH000412: Hibernate Core {5.0.11.Final}
2017-10-05 20:12:41.157  INFO 10188 --- [main] org.hibernate.cfg.Environment            : HHH000206: hibernate.properties not found
2017-10-05 20:12:41.160  INFO 10188 --- [main] org.hibernate.cfg.Environment            : HHH000021: Bytecode provider name : javassist
2017-10-05 20:12:41.291  INFO 10188 --- [main] o.hibernate.annotations.common.Version   : HCANN000001: Hibernate Commons Annotations {5.0.1.Final}
2017-10-05 20:12:41.391  INFO 10188 --- [main] org.hibernate.dialect.Dialect            : HHH000400: Using dialect: org.hibernate.dialect.Oracle10gDialect
2017-10-05 20:12:41.620  INFO 10188 --- [main] j.LocalContainerEntityManagerFactoryBean : Initialized JPA EntityManagerFactory for persistence unit 'default'
2017-10-05 20:12:41.871  INFO 10188 --- [main] s.w.s.m.m.a.RequestMappingHandlerAdapter : Looking for @ControllerAdvice: org.springframework.boot.context.embedded.AnnotationConfigEmbeddedWebApplicationContext@327514f: startup date [Thu Oct 05 20:12:38 CEST 2017]; root of context hierarchy
2017-10-05 20:12:41.946  INFO 10188 --- [main] s.w.s.m.m.a.RequestMappingHandlerMapping : Mapped "{[/client/{id}]}" onto public com.gestion.incident.bean.Client com.gestion.incident.controller.ClientController.GetClientById(java.lang.String)
2017-10-05 20:12:41.947  INFO 10188 --- [main] s.w.s.m.m.a.RequestMappingHandlerMapping : Mapped "{[/clients/{id}],methods=[PUT]}" onto public java.lang.String com.gestion.incident.controller.ClientController.UpdateClient(com.gestion.incident.bean.Client,java.lang.String)
2017-10-05 20:12:41.947  INFO 10188 --- [main] s.w.s.m.m.a.RequestMappingHandlerMapping : Mapped "{[/clients/{id}],methods=[DELETE]}" onto public java.lang.String com.gestion.incident.controller.ClientController.DeleteClient(java.lang.String)
2017-10-05 20:12:41.947  INFO 10188 --- [main] s.w.s.m.m.a.RequestMappingHandlerMapping : Mapped "{[/clients],methods=[POST]}" onto public java.lang.String com.gestion.incident.controller.ClientController.AddClient(com.gestion.incident.bean.Client)
2017-10-05 20:12:41.948  INFO 10188 --- [main] s.w.s.m.m.a.RequestMappingHandlerMapping : Mapped "{[/clients]}" onto public java.util.List<com.gestion.incident.bean.Client> com.gestion.incident.controller.ClientController.GetAllClients() throws java.text.ParseException
2017-10-05 20:12:41.948  INFO 10188 --- [main] s.w.s.m.m.a.RequestMappingHandlerMapping : Mapped "{[/]}" onto public java.lang.String com.gestion.incident.controller.IncidentController.hello()
2017-10-05 20:12:41.951  INFO 10188 --- [main] s.w.s.m.m.a.RequestMappingHandlerMapping : Mapped "{[/error]}" onto public org.springframework.http.ResponseEntity<java.util.Map<java.lang.String, java.lang.Object>> org.springframework.boot.autoconfigure.web.BasicErrorController.error(javax.servlet.http.HttpServletRequest)
2017-10-05 20:12:41.951  INFO 10188 --- [main] s.w.s.m.m.a.RequestMappingHandlerMapping : Mapped "{[/error],produces=[text/html]}" onto public org.springframework.web.servlet.ModelAndView org.springframework.boot.autoconfigure.web.BasicErrorController.errorHtml(javax.servlet.http.HttpServletRequest,javax.servlet.http.HttpServletResponse)
2017-10-05 20:12:41.979  INFO 10188 --- [main] o.s.w.s.handler.SimpleUrlHandlerMapping  : Mapped URL path [/webjars/**] onto handler of type [class org.springframework.web.servlet.resource.ResourceHttpRequestHandler]
2017-10-05 20:12:41.980  INFO 10188 --- [main] o.s.w.s.handler.SimpleUrlHandlerMapping  : Mapped URL path [/**] onto handler of type [class org.springframework.web.servlet.resource.ResourceHttpRequestHandler]
2017-10-05 20:12:42.015  INFO 10188 --- [main] o.s.w.s.handler.SimpleUrlHandlerMapping  : Mapped URL path [/**/favicon.ico] onto handler of type [class org.springframework.web.servlet.resource.ResourceHttpRequestHandler]
2017-10-05 20:12:42.266  INFO 10188 --- [main] o.s.j.e.a.AnnotationMBeanExporter        : Registering beans for JMX exposure on startup
2017-10-05 20:12:42.313  INFO 10188 --- [main] s.b.c.e.t.TomcatEmbeddedServletContainer : Tomcat started on port(s): 8080 (http)
2017-10-05 20:12:42.318  INFO 10188 --- [main] c.g.i.GestionincidentsApplication        : Started GestionincidentsApplication in 3.792 seconds (JVM running for 4.286)
2017-10-05 20:12:57.038  INFO 10188 --- [http-nio-8080-exec-1] o.a.c.c.C.[Tomcat].[localhost].[/]       : Initializing Spring FrameworkServlet 'dispatcherServlet'
2017-10-05 20:12:57.038  INFO 10188 --- [http-nio-8080-exec-1] o.s.web.servlet.DispatcherServlet        : FrameworkServlet 'dispatcherServlet': initialization started
2017-10-05 20:12:57.058  INFO 10188 --- [http-nio-8080-exec-1] o.s.web.servlet.DispatcherServlet        : FrameworkServlet 'dispatcherServlet': initialization completed in 19 ms
2017-10-05 21:48:07.240  INFO 1336 --- [main] c.g.i.GestionincidentsApplication        : Starting GestionincidentsApplication on DESKTOP-OCPCT6L with PID 1336 (C:\Users\parko\Documents\workspace-sts-3.8.4.RELEASE\incident\target\classes started by parko in C:\Users\parko\Documents\workspace-sts-3.8.4.RELEASE\incident)
2017-10-05 21:48:07.244  INFO 1336 --- [main] c.g.i.GestionincidentsApplication        : No active profile set, falling back to default profiles: default
2017-10-05 21:48:07.289  INFO 1336 --- [main] ationConfigEmbeddedWebApplicationContext : Refreshing org.springframework.boot.context.embedded.AnnotationConfigEmbeddedWebApplicationContext@327514f: startup date [Thu Oct 05 21:48:07 CEST 2017]; root of context hierarchy
2017-10-05 21:48:08.413  INFO 1336 --- [main] trationDelegate$BeanPostProcessorChecker : Bean 'org.springframework.transaction.annotation.ProxyTransactionManagementConfiguration' of type [class org.springframework.transaction.annotation.ProxyTransactionManagementConfiguration$$EnhancerBySpringCGLIB$$eb47c933] is not eligible for getting processed by all BeanPostProcessors (for example: not eligible for auto-proxying)
2017-10-05 21:48:08.773  INFO 1336 --- [main] s.b.c.e.t.TomcatEmbeddedServletContainer : Tomcat initialized with port(s): 8080 (http)
2017-10-05 21:48:08.782  INFO 1336 --- [main] o.apache.catalina.core.StandardService   : Starting service Tomcat
2017-10-05 21:48:08.783  INFO 1336 --- [main] org.apache.catalina.core.StandardEngine  : Starting Servlet Engine: Apache Tomcat/8.5.6
2017-10-05 21:48:08.878  INFO 1336 --- [localhost-startStop-1] o.a.c.c.C.[Tomcat].[localhost].[/]       : Initializing Spring embedded WebApplicationContext
2017-10-05 21:48:08.879  INFO 1336 --- [localhost-startStop-1] o.s.web.context.ContextLoader            : Root WebApplicationContext: initialization completed in 1592 ms
2017-10-05 21:48:09.043  INFO 1336 --- [localhost-startStop-1] o.s.b.w.servlet.ServletRegistrationBean  : Mapping servlet: 'dispatcherServlet' to [/]
2017-10-05 21:48:09.049  INFO 1336 --- [localhost-startStop-1] o.s.b.w.servlet.FilterRegistrationBean   : Mapping filter: 'characterEncodingFilter' to: [/*]
2017-10-05 21:48:09.050  INFO 1336 --- [localhost-startStop-1] o.s.b.w.servlet.FilterRegistrationBean   : Mapping filter: 'hiddenHttpMethodFilter' to: [/*]
2017-10-05 21:48:09.050  INFO 1336 --- [localhost-startStop-1] o.s.b.w.servlet.FilterRegistrationBean   : Mapping filter: 'httpPutFormContentFilter' to: [/*]
2017-10-05 21:48:09.050  INFO 1336 --- [localhost-startStop-1] o.s.b.w.servlet.FilterRegistrationBean   : Mapping filter: 'requestContextFilter' to: [/*]
2017-10-05 21:48:09.544  INFO 1336 --- [main] j.LocalContainerEntityManagerFactoryBean : Building JPA container EntityManagerFactory for persistence unit 'default'
2017-10-05 21:48:09.558  INFO 1336 --- [main] o.hibernate.jpa.internal.util.LogHelper  : HHH000204: Processing PersistenceUnitInfo [
	name: default
	...]
2017-10-05 21:48:09.621  INFO 1336 --- [main] org.hibernate.Version                    : HHH000412: Hibernate Core {5.0.11.Final}
2017-10-05 21:48:09.622  INFO 1336 --- [main] org.hibernate.cfg.Environment            : HHH000206: hibernate.properties not found
2017-10-05 21:48:09.623  INFO 1336 --- [main] org.hibernate.cfg.Environment            : HHH000021: Bytecode provider name : javassist
2017-10-05 21:48:09.757  INFO 1336 --- [main] o.hibernate.annotations.common.Version   : HCANN000001: Hibernate Commons Annotations {5.0.1.Final}
2017-10-05 21:48:09.850  INFO 1336 --- [main] org.hibernate.dialect.Dialect            : HHH000400: Using dialect: org.hibernate.dialect.Oracle10gDialect
2017-10-05 21:48:10.241  INFO 1336 --- [main] j.LocalContainerEntityManagerFactoryBean : Initialized JPA EntityManagerFactory for persistence unit 'default'
2017-10-05 21:48:10.687  INFO 1336 --- [main] s.w.s.m.m.a.RequestMappingHandlerAdapter : Looking for @ControllerAdvice: org.springframework.boot.context.embedded.AnnotationConfigEmbeddedWebApplicationContext@327514f: startup date [Thu Oct 05 21:48:07 CEST 2017]; root of context hierarchy
2017-10-05 21:48:10.749  INFO 1336 --- [main] s.w.s.m.m.a.RequestMappingHandlerMapping : Mapped "{[/clients],methods=[POST]}" onto public java.lang.String com.gestion.incident.controller.ClientController.AddClient(com.gestion.incident.bean.Client)
2017-10-05 21:48:10.750  INFO 1336 --- [main] s.w.s.m.m.a.RequestMappingHandlerMapping : Mapped "{[/clients/{id}],methods=[PUT]}" onto public java.lang.String com.gestion.incident.controller.ClientController.UpdateClient(com.gestion.incident.bean.Client,java.lang.String)
2017-10-05 21:48:10.750  INFO 1336 --- [main] s.w.s.m.m.a.RequestMappingHandlerMapping : Mapped "{[/clients]}" onto public java.util.List<com.gestion.incident.bean.Client> com.gestion.incident.controller.ClientController.GetAllClients() throws java.text.ParseException
2017-10-05 21:48:10.750  INFO 1336 --- [main] s.w.s.m.m.a.RequestMappingHandlerMapping : Mapped "{[/clients/{id}],methods=[DELETE]}" onto public java.lang.String com.gestion.incident.controller.ClientController.DeleteClient(java.lang.String)
2017-10-05 21:48:10.750  INFO 1336 --- [main] s.w.s.m.m.a.RequestMappingHandlerMapping : Mapped "{[/client/{id}]}" onto public com.gestion.incident.bean.Client com.gestion.incident.controller.ClientController.GetClientById(java.lang.String)
2017-10-05 21:48:10.751  INFO 1336 --- [main] s.w.s.m.m.a.RequestMappingHandlerMapping : Mapped "{[/]}" onto public java.lang.String com.gestion.incident.controller.IncidentController.hello()
2017-10-05 21:48:10.753  INFO 1336 --- [main] s.w.s.m.m.a.RequestMappingHandlerMapping : Mapped "{[/error]}" onto public org.springframework.http.ResponseEntity<java.util.Map<java.lang.String, java.lang.Object>> org.springframework.boot.autoconfigure.web.BasicErrorController.error(javax.servlet.http.HttpServletRequest)
2017-10-05 21:48:10.754  INFO 1336 --- [main] s.w.s.m.m.a.RequestMappingHandlerMapping : Mapped "{[/error],produces=[text/html]}" onto public org.springframework.web.servlet.ModelAndView org.springframework.boot.autoconfigure.web.BasicErrorController.errorHtml(javax.servlet.http.HttpServletRequest,javax.servlet.http.HttpServletResponse)
2017-10-05 21:48:10.783  INFO 1336 --- [main] o.s.w.s.handler.SimpleUrlHandlerMapping  : Mapped URL path [/webjars/**] onto handler of type [class org.springframework.web.servlet.resource.ResourceHttpRequestHandler]
2017-10-05 21:48:10.784  INFO 1336 --- [main] o.s.w.s.handler.SimpleUrlHandlerMapping  : Mapped URL path [/**] onto handler of type [class org.springframework.web.servlet.resource.ResourceHttpRequestHandler]
2017-10-05 21:48:10.826  INFO 1336 --- [main] o.s.w.s.handler.SimpleUrlHandlerMapping  : Mapped URL path [/**/favicon.ico] onto handler of type [class org.springframework.web.servlet.resource.ResourceHttpRequestHandler]
2017-10-05 21:48:11.053  INFO 1336 --- [main] o.s.j.e.a.AnnotationMBeanExporter        : Registering beans for JMX exposure on startup
2017-10-05 21:48:11.090 ERROR 1336 --- [main] o.a.coyote.http11.Http11NioProtocol      : Failed to start end point associated with ProtocolHandler [http-nio-8080]

java.net.BindException: Address already in use: bind
	at sun.nio.ch.Net.bind0(Native Method) ~[na:1.8.0_144]
	at sun.nio.ch.Net.bind(Net.java:433) ~[na:1.8.0_144]
	at sun.nio.ch.Net.bind(Net.java:425) ~[na:1.8.0_144]
	at sun.nio.ch.ServerSocketChannelImpl.bind(ServerSocketChannelImpl.java:223) ~[na:1.8.0_144]
	at sun.nio.ch.ServerSocketAdaptor.bind(ServerSocketAdaptor.java:74) ~[na:1.8.0_144]
	at org.apache.tomcat.util.net.NioEndpoint.bind(NioEndpoint.java:228) ~[tomcat-embed-core-8.5.6.jar:8.5.6]
	at org.apache.tomcat.util.net.AbstractEndpoint.start(AbstractEndpoint.java:874) ~[tomcat-embed-core-8.5.6.jar:8.5.6]
	at org.apache.coyote.AbstractProtocol.start(AbstractProtocol.java:590) ~[tomcat-embed-core-8.5.6.jar:8.5.6]
	at org.apache.catalina.connector.Connector.startInternal(Connector.java:969) [tomcat-embed-core-8.5.6.jar:8.5.6]
	at org.apache.catalina.util.LifecycleBase.start(LifecycleBase.java:150) [tomcat-embed-core-8.5.6.jar:8.5.6]
	at org.apache.catalina.core.StandardService.addConnector(StandardService.java:225) [tomcat-embed-core-8.5.6.jar:8.5.6]
	at org.springframework.boot.context.embedded.tomcat.TomcatEmbeddedServletContainer.addPreviouslyRemovedConnectors(TomcatEmbeddedServletContainer.java:233) [spring-boot-1.4.2.RELEASE.jar:1.4.2.RELEASE]
	at org.springframework.boot.context.embedded.tomcat.TomcatEmbeddedServletContainer.start(TomcatEmbeddedServletContainer.java:178) [spring-boot-1.4.2.RELEASE.jar:1.4.2.RELEASE]
	at org.springframework.boot.context.embedded.EmbeddedWebApplicationContext.startEmbeddedServletContainer(EmbeddedWebApplicationContext.java:297) [spring-boot-1.4.2.RELEASE.jar:1.4.2.RELEASE]
	at org.springframework.boot.context.embedded.EmbeddedWebApplicationContext.finishRefresh(EmbeddedWebApplicationContext.java:145) [spring-boot-1.4.2.RELEASE.jar:1.4.2.RELEASE]
	at org.springframework.context.support.AbstractApplicationContext.refresh(AbstractApplicationContext.java:545) [spring-context-4.3.4.RELEASE.jar:4.3.4.RELEASE]
	at org.springframework.boot.context.embedded.EmbeddedWebApplicationContext.refresh(EmbeddedWebApplicationContext.java:122) [spring-boot-1.4.2.RELEASE.jar:1.4.2.RELEASE]
	at org.springframework.boot.SpringApplication.refresh(SpringApplication.java:761) [spring-boot-1.4.2.RELEASE.jar:1.4.2.RELEASE]
	at org.springframework.boot.SpringApplication.refreshContext(SpringApplication.java:371) [spring-boot-1.4.2.RELEASE.jar:1.4.2.RELEASE]
	at org.springframework.boot.SpringApplication.run(SpringApplication.java:315) [spring-boot-1.4.2.RELEASE.jar:1.4.2.RELEASE]
	at org.springframework.boot.SpringApplication.run(SpringApplication.java:1186) [spring-boot-1.4.2.RELEASE.jar:1.4.2.RELEASE]
	at org.springframework.boot.SpringApplication.run(SpringApplication.java:1175) [spring-boot-1.4.2.RELEASE.jar:1.4.2.RELEASE]
	at com.gestion.incident.GestionincidentsApplication.main(GestionincidentsApplication.java:10) [classes/:na]

2017-10-05 21:48:11.092 ERROR 1336 --- [main] o.apache.catalina.core.StandardService   : Failed to start connector [Connector[HTTP/1.1-8080]]

org.apache.catalina.LifecycleException: Failed to start component [Connector[HTTP/1.1-8080]]
	at org.apache.catalina.util.LifecycleBase.start(LifecycleBase.java:167) ~[tomcat-embed-core-8.5.6.jar:8.5.6]
	at org.apache.catalina.core.StandardService.addConnector(StandardService.java:225) ~[tomcat-embed-core-8.5.6.jar:8.5.6]
	at org.springframework.boot.context.embedded.tomcat.TomcatEmbeddedServletContainer.addPreviouslyRemovedConnectors(TomcatEmbeddedServletContainer.java:233) [spring-boot-1.4.2.RELEASE.jar:1.4.2.RELEASE]
	at org.springframework.boot.context.embedded.tomcat.TomcatEmbeddedServletContainer.start(TomcatEmbeddedServletContainer.java:178) [spring-boot-1.4.2.RELEASE.jar:1.4.2.RELEASE]
	at org.springframework.boot.context.embedded.EmbeddedWebApplicationContext.startEmbeddedServletContainer(EmbeddedWebApplicationContext.java:297) [spring-boot-1.4.2.RELEASE.jar:1.4.2.RELEASE]
	at org.springframework.boot.context.embedded.EmbeddedWebApplicationContext.finishRefresh(EmbeddedWebApplicationContext.java:145) [spring-boot-1.4.2.RELEASE.jar:1.4.2.RELEASE]
	at org.springframework.context.support.AbstractApplicationContext.refresh(AbstractApplicationContext.java:545) [spring-context-4.3.4.RELEASE.jar:4.3.4.RELEASE]
	at org.springframework.boot.context.embedded.EmbeddedWebApplicationContext.refresh(EmbeddedWebApplicationContext.java:122) [spring-boot-1.4.2.RELEASE.jar:1.4.2.RELEASE]
	at org.springframework.boot.SpringApplication.refresh(SpringApplication.java:761) [spring-boot-1.4.2.RELEASE.jar:1.4.2.RELEASE]
	at org.springframework.boot.SpringApplication.refreshContext(SpringApplication.java:371) [spring-boot-1.4.2.RELEASE.jar:1.4.2.RELEASE]
	at org.springframework.boot.SpringApplication.run(SpringApplication.java:315) [spring-boot-1.4.2.RELEASE.jar:1.4.2.RELEASE]
	at org.springframework.boot.SpringApplication.run(SpringApplication.java:1186) [spring-boot-1.4.2.RELEASE.jar:1.4.2.RELEASE]
	at org.springframework.boot.SpringApplication.run(SpringApplication.java:1175) [spring-boot-1.4.2.RELEASE.jar:1.4.2.RELEASE]
	at com.gestion.incident.GestionincidentsApplication.main(GestionincidentsApplication.java:10) [classes/:na]
Caused by: org.apache.catalina.LifecycleException: service.getName(): "Tomcat";  Protocol handler start failed
	at org.apache.catalina.connector.Connector.startInternal(Connector.java:976) ~[tomcat-embed-core-8.5.6.jar:8.5.6]
	at org.apache.catalina.util.LifecycleBase.start(LifecycleBase.java:150) ~[tomcat-embed-core-8.5.6.jar:8.5.6]
	... 13 common frames omitted
Caused by: java.net.BindException: Address already in use: bind
	at sun.nio.ch.Net.bind0(Native Method) ~[na:1.8.0_144]
	at sun.nio.ch.Net.bind(Net.java:433) ~[na:1.8.0_144]
	at sun.nio.ch.Net.bind(Net.java:425) ~[na:1.8.0_144]
	at sun.nio.ch.ServerSocketChannelImpl.bind(ServerSocketChannelImpl.java:223) ~[na:1.8.0_144]
	at sun.nio.ch.ServerSocketAdaptor.bind(ServerSocketAdaptor.java:74) ~[na:1.8.0_144]
	at org.apache.tomcat.util.net.NioEndpoint.bind(NioEndpoint.java:228) ~[tomcat-embed-core-8.5.6.jar:8.5.6]
	at org.apache.tomcat.util.net.AbstractEndpoint.start(AbstractEndpoint.java:874) ~[tomcat-embed-core-8.5.6.jar:8.5.6]
	at org.apache.coyote.AbstractProtocol.start(AbstractProtocol.java:590) ~[tomcat-embed-core-8.5.6.jar:8.5.6]
	at org.apache.catalina.connector.Connector.startInternal(Connector.java:969) ~[tomcat-embed-core-8.5.6.jar:8.5.6]
	... 14 common frames omitted

2017-10-05 21:48:11.099  INFO 1336 --- [main] o.apache.catalina.core.StandardService   : Stopping service Tomcat
2017-10-05 21:48:11.109  INFO 1336 --- [main] utoConfigurationReportLoggingInitializer : 

Error starting ApplicationContext. To display the auto-configuration report re-run your application with 'debug' enabled.
2017-10-05 21:48:11.112 ERROR 1336 --- [main] o.s.b.d.LoggingFailureAnalysisReporter   : 

***************************
APPLICATION FAILED TO START
***************************

Description:

The Tomcat connector configured to listen on port 8080 failed to start. The port may already be in use or the connector may be misconfigured.

Action:

Verify the connector's configuration, identify and stop any process that's listening on port 8080, or configure this application to listen on another port.

2017-10-05 21:48:11.113  INFO 1336 --- [main] ationConfigEmbeddedWebApplicationContext : Closing org.springframework.boot.context.embedded.AnnotationConfigEmbeddedWebApplicationContext@327514f: startup date [Thu Oct 05 21:48:07 CEST 2017]; root of context hierarchy
2017-10-05 21:48:11.114  INFO 1336 --- [main] o.s.j.e.a.AnnotationMBeanExporter        : Unregistering JMX-exposed beans on shutdown
2017-10-05 21:48:11.115  INFO 1336 --- [main] j.LocalContainerEntityManagerFactoryBean : Closing JPA EntityManagerFactory for persistence unit 'default'
2017-10-05 21:48:14.283  INFO 10188 --- [RMI TCP Connection(2)-127.0.0.1] inMXBeanRegistrar$SpringApplicationAdmin : Application shutdown requested.
2017-10-05 21:48:14.285  INFO 10188 --- [RMI TCP Connection(2)-127.0.0.1] ationConfigEmbeddedWebApplicationContext : Closing org.springframework.boot.context.embedded.AnnotationConfigEmbeddedWebApplicationContext@327514f: startup date [Thu Oct 05 20:12:38 CEST 2017]; root of context hierarchy
2017-10-05 21:48:14.291  INFO 10188 --- [RMI TCP Connection(2)-127.0.0.1] o.s.j.e.a.AnnotationMBeanExporter        : Unregistering JMX-exposed beans on shutdown
2017-10-05 21:48:14.292  INFO 10188 --- [RMI TCP Connection(2)-127.0.0.1] j.LocalContainerEntityManagerFactoryBean : Closing JPA EntityManagerFactory for persistence unit 'default'
2017-10-05 21:48:18.045  INFO 10100 --- [main] c.g.i.GestionincidentsApplication        : Starting GestionincidentsApplication on DESKTOP-OCPCT6L with PID 10100 (C:\Users\parko\Documents\workspace-sts-3.8.4.RELEASE\incident\target\classes started by parko in C:\Users\parko\Documents\workspace-sts-3.8.4.RELEASE\incident)
2017-10-05 21:48:18.048  INFO 10100 --- [main] c.g.i.GestionincidentsApplication        : No active profile set, falling back to default profiles: default
2017-10-05 21:48:18.097  INFO 10100 --- [main] ationConfigEmbeddedWebApplicationContext : Refreshing org.springframework.boot.context.embedded.AnnotationConfigEmbeddedWebApplicationContext@327514f: startup date [Thu Oct 05 21:48:18 CEST 2017]; root of context hierarchy
2017-10-05 21:48:19.213  INFO 10100 --- [main] trationDelegate$BeanPostProcessorChecker : Bean 'org.springframework.transaction.annotation.ProxyTransactionManagementConfiguration' of type [class org.springframework.transaction.annotation.ProxyTransactionManagementConfiguration$$EnhancerBySpringCGLIB$$eb47c933] is not eligible for getting processed by all BeanPostProcessors (for example: not eligible for auto-proxying)
2017-10-05 21:48:19.573  INFO 10100 --- [main] s.b.c.e.t.TomcatEmbeddedServletContainer : Tomcat initialized with port(s): 8080 (http)
2017-10-05 21:48:19.584  INFO 10100 --- [main] o.apache.catalina.core.StandardService   : Starting service Tomcat
2017-10-05 21:48:19.585  INFO 10100 --- [main] org.apache.catalina.core.StandardEngine  : Starting Servlet Engine: Apache Tomcat/8.5.6
2017-10-05 21:48:19.683  INFO 10100 --- [localhost-startStop-1] o.a.c.c.C.[Tomcat].[localhost].[/]       : Initializing Spring embedded WebApplicationContext
2017-10-05 21:48:19.684  INFO 10100 --- [localhost-startStop-1] o.s.web.context.ContextLoader            : Root WebApplicationContext: initialization completed in 1589 ms
2017-10-05 21:48:19.847  INFO 10100 --- [localhost-startStop-1] o.s.b.w.servlet.ServletRegistrationBean  : Mapping servlet: 'dispatcherServlet' to [/]
2017-10-05 21:48:19.851  INFO 10100 --- [localhost-startStop-1] o.s.b.w.servlet.FilterRegistrationBean   : Mapping filter: 'characterEncodingFilter' to: [/*]
2017-10-05 21:48:19.851  INFO 10100 --- [localhost-startStop-1] o.s.b.w.servlet.FilterRegistrationBean   : Mapping filter: 'hiddenHttpMethodFilter' to: [/*]
2017-10-05 21:48:19.851  INFO 10100 --- [localhost-startStop-1] o.s.b.w.servlet.FilterRegistrationBean   : Mapping filter: 'httpPutFormContentFilter' to: [/*]
2017-10-05 21:48:19.851  INFO 10100 --- [localhost-startStop-1] o.s.b.w.servlet.FilterRegistrationBean   : Mapping filter: 'requestContextFilter' to: [/*]
2017-10-05 21:48:20.321  INFO 10100 --- [main] j.LocalContainerEntityManagerFactoryBean : Building JPA container EntityManagerFactory for persistence unit 'default'
2017-10-05 21:48:20.336  INFO 10100 --- [main] o.hibernate.jpa.internal.util.LogHelper  : HHH000204: Processing PersistenceUnitInfo [
	name: default
	...]
2017-10-05 21:48:20.401  INFO 10100 --- [main] org.hibernate.Version                    : HHH000412: Hibernate Core {5.0.11.Final}
2017-10-05 21:48:20.403  INFO 10100 --- [main] org.hibernate.cfg.Environment            : HHH000206: hibernate.properties not found
2017-10-05 21:48:20.404  INFO 10100 --- [main] org.hibernate.cfg.Environment            : HHH000021: Bytecode provider name : javassist
2017-10-05 21:48:20.532  INFO 10100 --- [main] o.hibernate.annotations.common.Version   : HCANN000001: Hibernate Commons Annotations {5.0.1.Final}
2017-10-05 21:48:20.629  INFO 10100 --- [main] org.hibernate.dialect.Dialect            : HHH000400: Using dialect: org.hibernate.dialect.Oracle10gDialect
2017-10-05 21:48:21.023  INFO 10100 --- [main] j.LocalContainerEntityManagerFactoryBean : Initialized JPA EntityManagerFactory for persistence unit 'default'
2017-10-05 21:48:21.427  INFO 10100 --- [main] s.w.s.m.m.a.RequestMappingHandlerAdapter : Looking for @ControllerAdvice: org.springframework.boot.context.embedded.AnnotationConfigEmbeddedWebApplicationContext@327514f: startup date [Thu Oct 05 21:48:18 CEST 2017]; root of context hierarchy
2017-10-05 21:48:21.489  INFO 10100 --- [main] s.w.s.m.m.a.RequestMappingHandlerMapping : Mapped "{[/client/{id}]}" onto public com.gestion.incident.bean.Client com.gestion.incident.controller.ClientController.GetClientById(java.lang.String)
2017-10-05 21:48:21.490  INFO 10100 --- [main] s.w.s.m.m.a.RequestMappingHandlerMapping : Mapped "{[/clients/{id}],methods=[PUT]}" onto public java.lang.String com.gestion.incident.controller.ClientController.UpdateClient(com.gestion.incident.bean.Client,java.lang.String)
2017-10-05 21:48:21.491  INFO 10100 --- [main] s.w.s.m.m.a.RequestMappingHandlerMapping : Mapped "{[/clients/{id}],methods=[DELETE]}" onto public java.lang.String com.gestion.incident.controller.ClientController.DeleteClient(java.lang.String)
2017-10-05 21:48:21.491  INFO 10100 --- [main] s.w.s.m.m.a.RequestMappingHandlerMapping : Mapped "{[/clients]}" onto public java.util.List<com.gestion.incident.bean.Client> com.gestion.incident.controller.ClientController.GetAllClients() throws java.text.ParseException
2017-10-05 21:48:21.492  INFO 10100 --- [main] s.w.s.m.m.a.RequestMappingHandlerMapping : Mapped "{[/clients],methods=[POST]}" onto public java.lang.String com.gestion.incident.controller.ClientController.AddClient(com.gestion.incident.bean.Client)
2017-10-05 21:48:21.493  INFO 10100 --- [main] s.w.s.m.m.a.RequestMappingHandlerMapping : Mapped "{[/]}" onto public java.lang.String com.gestion.incident.controller.IncidentController.hello()
2017-10-05 21:48:21.495  INFO 10100 --- [main] s.w.s.m.m.a.RequestMappingHandlerMapping : Mapped "{[/error]}" onto public org.springframework.http.ResponseEntity<java.util.Map<java.lang.String, java.lang.Object>> org.springframework.boot.autoconfigure.web.BasicErrorController.error(javax.servlet.http.HttpServletRequest)
2017-10-05 21:48:21.496  INFO 10100 --- [main] s.w.s.m.m.a.RequestMappingHandlerMapping : Mapped "{[/error],produces=[text/html]}" onto public org.springframework.web.servlet.ModelAndView org.springframework.boot.autoconfigure.web.BasicErrorController.errorHtml(javax.servlet.http.HttpServletRequest,javax.servlet.http.HttpServletResponse)
2017-10-05 21:48:21.524  INFO 10100 --- [main] o.s.w.s.handler.SimpleUrlHandlerMapping  : Mapped URL path [/webjars/**] onto handler of type [class org.springframework.web.servlet.resource.ResourceHttpRequestHandler]
2017-10-05 21:48:21.524  INFO 10100 --- [main] o.s.w.s.handler.SimpleUrlHandlerMapping  : Mapped URL path [/**] onto handler of type [class org.springframework.web.servlet.resource.ResourceHttpRequestHandler]
2017-10-05 21:48:21.564  INFO 10100 --- [main] o.s.w.s.handler.SimpleUrlHandlerMapping  : Mapped URL path [/**/favicon.ico] onto handler of type [class org.springframework.web.servlet.resource.ResourceHttpRequestHandler]
2017-10-05 21:48:21.785  INFO 10100 --- [main] o.s.j.e.a.AnnotationMBeanExporter        : Registering beans for JMX exposure on startup
2017-10-05 21:48:21.840  INFO 10100 --- [main] s.b.c.e.t.TomcatEmbeddedServletContainer : Tomcat started on port(s): 8080 (http)
2017-10-05 21:48:21.845  INFO 10100 --- [main] c.g.i.GestionincidentsApplication        : Started GestionincidentsApplication in 4.132 seconds (JVM running for 4.63)
2017-10-05 21:48:32.911  INFO 10100 --- [http-nio-8080-exec-1] o.a.c.c.C.[Tomcat].[localhost].[/]       : Initializing Spring FrameworkServlet 'dispatcherServlet'
2017-10-05 21:48:32.911  INFO 10100 --- [http-nio-8080-exec-1] o.s.web.servlet.DispatcherServlet        : FrameworkServlet 'dispatcherServlet': initialization started
2017-10-05 21:48:32.932  INFO 10100 --- [http-nio-8080-exec-1] o.s.web.servlet.DispatcherServlet        : FrameworkServlet 'dispatcherServlet': initialization completed in 20 ms
2017-10-05 21:48:32.991  INFO 10100 --- [http-nio-8080-exec-1] o.h.h.i.QueryTranslatorFactoryInitiator  : HHH000397: Using ASTQueryTranslatorFactory
2017-10-05 21:48:33.121  WARN 10100 --- [http-nio-8080-exec-1] o.h.engine.jdbc.spi.SqlExceptionHelper   : SQL Error: 904, SQLState: 42000
2017-10-05 21:48:33.121 ERROR 10100 --- [http-nio-8080-exec-1] o.h.engine.jdbc.spi.SqlExceptionHelper   : ORA-00904: "CLIENT0_"."IDCLIENT" : identificateur non valide

2017-10-05 21:48:33.132 ERROR 10100 --- [http-nio-8080-exec-1] o.a.c.c.C.[.[.[/].[dispatcherServlet]    : Servlet.service() for servlet [dispatcherServlet] in context with path [] threw exception [Request processing failed; nested exception is org.springframework.dao.InvalidDataAccessResourceUsageException: could not extract ResultSet; SQL [n/a]; nested exception is org.hibernate.exception.SQLGrammarException: could not extract ResultSet] with root cause

java.sql.SQLSyntaxErrorException: ORA-00904: "CLIENT0_"."IDCLIENT" : identificateur non valide

	at oracle.jdbc.driver.T4CTTIoer.processError(T4CTTIoer.java:447) ~[ojdbc6-11.2.0.3.jar:11.2.0.4.0]
	at oracle.jdbc.driver.T4CTTIoer.processError(T4CTTIoer.java:396) ~[ojdbc6-11.2.0.3.jar:11.2.0.4.0]
	at oracle.jdbc.driver.T4C8Oall.processError(T4C8Oall.java:951) ~[ojdbc6-11.2.0.3.jar:11.2.0.4.0]
	at oracle.jdbc.driver.T4CTTIfun.receive(T4CTTIfun.java:513) ~[ojdbc6-11.2.0.3.jar:11.2.0.4.0]
	at oracle.jdbc.driver.T4CTTIfun.doRPC(T4CTTIfun.java:227) ~[ojdbc6-11.2.0.3.jar:11.2.0.4.0]
	at oracle.jdbc.driver.T4C8Oall.doOALL(T4C8Oall.java:531) ~[ojdbc6-11.2.0.3.jar:11.2.0.4.0]
	at oracle.jdbc.driver.T4CPreparedStatement.doOall8(T4CPreparedStatement.java:208) ~[ojdbc6-11.2.0.3.jar:11.2.0.4.0]
	at oracle.jdbc.driver.T4CPreparedStatement.executeForDescribe(T4CPreparedStatement.java:886) ~[ojdbc6-11.2.0.3.jar:11.2.0.4.0]
	at oracle.jdbc.driver.OracleStatement.executeMaybeDescribe(OracleStatement.java:1175) ~[ojdbc6-11.2.0.3.jar:11.2.0.4.0]
	at oracle.jdbc.driver.OracleStatement.doExecuteWithTimeout(OracleStatement.java:1296) ~[ojdbc6-11.2.0.3.jar:11.2.0.4.0]
	at oracle.jdbc.driver.OraclePreparedStatement.executeInternal(OraclePreparedStatement.java:3613) ~[ojdbc6-11.2.0.3.jar:11.2.0.4.0]
	at oracle.jdbc.driver.OraclePreparedStatement.executeQuery(OraclePreparedStatement.java:3657) ~[ojdbc6-11.2.0.3.jar:11.2.0.4.0]
	at oracle.jdbc.driver.OraclePreparedStatementWrapper.executeQuery(OraclePreparedStatementWrapper.java:1495) ~[ojdbc6-11.2.0.3.jar:11.2.0.4.0]
	at org.hibernate.engine.jdbc.internal.ResultSetReturnImpl.extract(ResultSetReturnImpl.java:70) ~[hibernate-core-5.0.11.Final.jar:5.0.11.Final]
	at org.hibernate.loader.Loader.getResultSet(Loader.java:2117) ~[hibernate-core-5.0.11.Final.jar:5.0.11.Final]
	at org.hibernate.loader.Loader.executeQueryStatement(Loader.java:1900) ~[hibernate-core-5.0.11.Final.jar:5.0.11.Final]
	at org.hibernate.loader.Loader.executeQueryStatement(Loader.java:1876) ~[hibernate-core-5.0.11.Final.jar:5.0.11.Final]
	at org.hibernate.loader.Loader.doQuery(Loader.java:919) ~[hibernate-core-5.0.11.Final.jar:5.0.11.Final]
	at org.hibernate.loader.Loader.doQueryAndInitializeNonLazyCollections(Loader.java:336) ~[hibernate-core-5.0.11.Final.jar:5.0.11.Final]
	at org.hibernate.loader.Loader.doList(Loader.java:2617) ~[hibernate-core-5.0.11.Final.jar:5.0.11.Final]
	at org.hibernate.loader.Loader.doList(Loader.java:2600) ~[hibernate-core-5.0.11.Final.jar:5.0.11.Final]
	at org.hibernate.loader.Loader.listIgnoreQueryCache(Loader.java:2429) ~[hibernate-core-5.0.11.Final.jar:5.0.11.Final]
	at org.hibernate.loader.Loader.list(Loader.java:2424) ~[hibernate-core-5.0.11.Final.jar:5.0.11.Final]
	at org.hibernate.loader.hql.QueryLoader.list(QueryLoader.java:501) ~[hibernate-core-5.0.11.Final.jar:5.0.11.Final]
	at org.hibernate.hql.internal.ast.QueryTranslatorImpl.list(QueryTranslatorImpl.java:371) ~[hibernate-core-5.0.11.Final.jar:5.0.11.Final]
	at org.hibernate.engine.query.spi.HQLQueryPlan.performList(HQLQueryPlan.java:216) ~[hibernate-core-5.0.11.Final.jar:5.0.11.Final]
	at org.hibernate.internal.SessionImpl.list(SessionImpl.java:1326) ~[hibernate-core-5.0.11.Final.jar:5.0.11.Final]
	at org.hibernate.internal.QueryImpl.list(QueryImpl.java:87) ~[hibernate-core-5.0.11.Final.jar:5.0.11.Final]
	at org.hibernate.jpa.internal.QueryImpl.list(QueryImpl.java:606) ~[hibernate-entitymanager-5.0.11.Final.jar:5.0.11.Final]
	at org.hibernate.jpa.internal.QueryImpl.getResultList(QueryImpl.java:483) ~[hibernate-entitymanager-5.0.11.Final.jar:5.0.11.Final]
	at org.hibernate.jpa.criteria.compile.CriteriaQueryTypeQueryAdapter.getResultList(CriteriaQueryTypeQueryAdapter.java:50) ~[hibernate-entitymanager-5.0.11.Final.jar:5.0.11.Final]
	at org.springframework.data.jpa.repository.support.SimpleJpaRepository.findAll(SimpleJpaRepository.java:327) ~[spring-data-jpa-1.10.5.RELEASE.jar:na]
	at sun.reflect.NativeMethodAccessorImpl.invoke0(Native Method) ~[na:1.8.0_144]
	at sun.reflect.NativeMethodAccessorImpl.invoke(NativeMethodAccessorImpl.java:62) ~[na:1.8.0_144]
	at sun.reflect.DelegatingMethodAccessorImpl.invoke(DelegatingMethodAccessorImpl.java:43) ~[na:1.8.0_144]
	at java.lang.reflect.Method.invoke(Method.java:498) ~[na:1.8.0_144]
	at org.springframework.data.repository.core.support.RepositoryFactorySupport$QueryExecutorMethodInterceptor.executeMethodOn(RepositoryFactorySupport.java:503) ~[spring-data-commons-1.12.5.RELEASE.jar:na]
	at org.springframework.data.repository.core.support.RepositoryFactorySupport$QueryExecutorMethodInterceptor.doInvoke(RepositoryFactorySupport.java:488) ~[spring-data-commons-1.12.5.RELEASE.jar:na]
	at org.springframework.data.repository.core.support.RepositoryFactorySupport$QueryExecutorMethodInterceptor.invoke(RepositoryFactorySupport.java:460) ~[spring-data-commons-1.12.5.RELEASE.jar:na]
	at org.springframework.aop.framework.ReflectiveMethodInvocation.proceed(ReflectiveMethodInvocation.java:179) ~[spring-aop-4.3.4.RELEASE.jar:4.3.4.RELEASE]
	at org.springframework.data.projection.DefaultMethodInvokingMethodInterceptor.invoke(DefaultMethodInvokingMethodInterceptor.java:61) ~[spring-data-commons-1.12.5.RELEASE.jar:na]
	at org.springframework.aop.framework.ReflectiveMethodInvocation.proceed(ReflectiveMethodInvocation.java:179) ~[spring-aop-4.3.4.RELEASE.jar:4.3.4.RELEASE]
	at org.springframework.transaction.interceptor.TransactionInterceptor$1.proceedWithInvocation(TransactionInterceptor.java:99) ~[spring-tx-4.3.4.RELEASE.jar:4.3.4.RELEASE]
	at org.springframework.transaction.interceptor.TransactionAspectSupport.invokeWithinTransaction(TransactionAspectSupport.java:282) ~[spring-tx-4.3.4.RELEASE.jar:4.3.4.RELEASE]
	at org.springframework.transaction.interceptor.TransactionInterceptor.invoke(TransactionInterceptor.java:96) ~[spring-tx-4.3.4.RELEASE.jar:4.3.4.RELEASE]
	at org.springframework.aop.framework.ReflectiveMethodInvocation.proceed(ReflectiveMethodInvocation.java:179) ~[spring-aop-4.3.4.RELEASE.jar:4.3.4.RELEASE]
	at org.springframework.dao.support.PersistenceExceptionTranslationInterceptor.invoke(PersistenceExceptionTranslationInterceptor.java:136) ~[spring-tx-4.3.4.RELEASE.jar:4.3.4.RELEASE]
	at org.springframework.aop.framework.ReflectiveMethodInvocation.proceed(ReflectiveMethodInvocation.java:179) ~[spring-aop-4.3.4.RELEASE.jar:4.3.4.RELEASE]
	at org.springframework.data.jpa.repository.support.CrudMethodMetadataPostProcessor$CrudMethodMetadataPopulatingMethodInterceptor.invoke(CrudMethodMetadataPostProcessor.java:133) ~[spring-data-jpa-1.10.5.RELEASE.jar:na]
	at org.springframework.aop.framework.ReflectiveMethodInvocation.proceed(ReflectiveMethodInvocation.java:179) ~[spring-aop-4.3.4.RELEASE.jar:4.3.4.RELEASE]
	at org.springframework.aop.interceptor.ExposeInvocationInterceptor.invoke(ExposeInvocationInterceptor.java:92) ~[spring-aop-4.3.4.RELEASE.jar:4.3.4.RELEASE]
	at org.springframework.aop.framework.ReflectiveMethodInvocation.proceed(ReflectiveMethodInvocation.java:179) ~[spring-aop-4.3.4.RELEASE.jar:4.3.4.RELEASE]
	at org.springframework.aop.framework.JdkDynamicAopProxy.invoke(JdkDynamicAopProxy.java:213) ~[spring-aop-4.3.4.RELEASE.jar:4.3.4.RELEASE]
	at com.sun.proxy.$Proxy78.findAll(Unknown Source) ~[na:na]
	at com.gestion.incident.service.ClientService.GetAllClients(ClientService.java:39) ~[classes/:na]
	at com.gestion.incident.controller.ClientController.GetAllClients(ClientController.java:24) ~[classes/:na]
	at sun.reflect.NativeMethodAccessorImpl.invoke0(Native Method) ~[na:1.8.0_144]
	at sun.reflect.NativeMethodAccessorImpl.invoke(NativeMethodAccessorImpl.java:62) ~[na:1.8.0_144]
	at sun.reflect.DelegatingMethodAccessorImpl.invoke(DelegatingMethodAccessorImpl.java:43) ~[na:1.8.0_144]
	at java.lang.reflect.Method.invoke(Method.java:498) ~[na:1.8.0_144]
	at org.springframework.web.method.support.InvocableHandlerMethod.doInvoke(InvocableHandlerMethod.java:220) ~[spring-web-4.3.4.RELEASE.jar:4.3.4.RELEASE]
	at org.springframework.web.method.support.InvocableHandlerMethod.invokeForRequest(InvocableHandlerMethod.java:134) ~[spring-web-4.3.4.RELEASE.jar:4.3.4.RELEASE]
	at org.springframework.web.servlet.mvc.method.annotation.ServletInvocableHandlerMethod.invokeAndHandle(ServletInvocableHandlerMethod.java:116) ~[spring-webmvc-4.3.4.RELEASE.jar:4.3.4.RELEASE]
	at org.springframework.web.servlet.mvc.method.annotation.RequestMappingHandlerAdapter.invokeHandlerMethod(RequestMappingHandlerAdapter.java:827) ~[spring-webmvc-4.3.4.RELEASE.jar:4.3.4.RELEASE]
	at org.springframework.web.servlet.mvc.method.annotation.RequestMappingHandlerAdapter.handleInternal(RequestMappingHandlerAdapter.java:738) ~[spring-webmvc-4.3.4.RELEASE.jar:4.3.4.RELEASE]
	at org.springframework.web.servlet.mvc.method.AbstractHandlerMethodAdapter.handle(AbstractHandlerMethodAdapter.java:85) ~[spring-webmvc-4.3.4.RELEASE.jar:4.3.4.RELEASE]
	at org.springframework.web.servlet.DispatcherServlet.doDispatch(DispatcherServlet.java:963) ~[spring-webmvc-4.3.4.RELEASE.jar:4.3.4.RELEASE]
	at org.springframework.web.servlet.DispatcherServlet.doService(DispatcherServlet.java:897) ~[spring-webmvc-4.3.4.RELEASE.jar:4.3.4.RELEASE]
	at org.springframework.web.servlet.FrameworkServlet.processRequest(FrameworkServlet.java:970) ~[spring-webmvc-4.3.4.RELEASE.jar:4.3.4.RELEASE]
	at org.springframework.web.servlet.FrameworkServlet.doGet(FrameworkServlet.java:861) ~[spring-webmvc-4.3.4.RELEASE.jar:4.3.4.RELEASE]
	at javax.servlet.http.HttpServlet.service(HttpServlet.java:622) ~[tomcat-embed-core-8.5.6.jar:8.5.6]
	at org.springframework.web.servlet.FrameworkServlet.service(FrameworkServlet.java:846) ~[spring-webmvc-4.3.4.RELEASE.jar:4.3.4.RELEASE]
	at javax.servlet.http.HttpServlet.service(HttpServlet.java:729) ~[tomcat-embed-core-8.5.6.jar:8.5.6]
	at org.apache.catalina.core.ApplicationFilterChain.internalDoFilter(ApplicationFilterChain.java:230) ~[tomcat-embed-core-8.5.6.jar:8.5.6]
	at org.apache.catalina.core.ApplicationFilterChain.doFilter(ApplicationFilterChain.java:165) ~[tomcat-embed-core-8.5.6.jar:8.5.6]
	at org.apache.tomcat.websocket.server.WsFilter.doFilter(WsFilter.java:52) ~[tomcat-embed-websocket-8.5.6.jar:8.5.6]
	at org.apache.catalina.core.ApplicationFilterChain.internalDoFilter(ApplicationFilterChain.java:192) ~[tomcat-embed-core-8.5.6.jar:8.5.6]
	at org.apache.catalina.core.ApplicationFilterChain.doFilter(ApplicationFilterChain.java:165) ~[tomcat-embed-core-8.5.6.jar:8.5.6]
	at org.springframework.web.filter.RequestContextFilter.doFilterInternal(RequestContextFilter.java:99) ~[spring-web-4.3.4.RELEASE.jar:4.3.4.RELEASE]
	at org.springframework.web.filter.OncePerRequestFilter.doFilter(OncePerRequestFilter.java:107) ~[spring-web-4.3.4.RELEASE.jar:4.3.4.RELEASE]
	at org.apache.catalina.core.ApplicationFilterChain.internalDoFilter(ApplicationFilterChain.java:192) ~[tomcat-embed-core-8.5.6.jar:8.5.6]
	at org.apache.catalina.core.ApplicationFilterChain.doFilter(ApplicationFilterChain.java:165) ~[tomcat-embed-core-8.5.6.jar:8.5.6]
	at org.springframework.web.filter.HttpPutFormContentFilter.doFilterInternal(HttpPutFormContentFilter.java:89) ~[spring-web-4.3.4.RELEASE.jar:4.3.4.RELEASE]
	at org.springframework.web.filter.OncePerRequestFilter.doFilter(OncePerRequestFilter.java:107) ~[spring-web-4.3.4.RELEASE.jar:4.3.4.RELEASE]
	at org.apache.catalina.core.ApplicationFilterChain.internalDoFilter(ApplicationFilterChain.java:192) ~[tomcat-embed-core-8.5.6.jar:8.5.6]
	at org.apache.catalina.core.ApplicationFilterChain.doFilter(ApplicationFilterChain.java:165) ~[tomcat-embed-core-8.5.6.jar:8.5.6]
	at org.springframework.web.filter.HiddenHttpMethodFilter.doFilterInternal(HiddenHttpMethodFilter.java:77) ~[spring-web-4.3.4.RELEASE.jar:4.3.4.RELEASE]
	at org.springframework.web.filter.OncePerRequestFilter.doFilter(OncePerRequestFilter.java:107) ~[spring-web-4.3.4.RELEASE.jar:4.3.4.RELEASE]
	at org.apache.catalina.core.ApplicationFilterChain.internalDoFilter(ApplicationFilterChain.java:192) ~[tomcat-embed-core-8.5.6.jar:8.5.6]
	at org.apache.catalina.core.ApplicationFilterChain.doFilter(ApplicationFilterChain.java:165) ~[tomcat-embed-core-8.5.6.jar:8.5.6]
	at org.springframework.web.filter.CharacterEncodingFilter.doFilterInternal(CharacterEncodingFilter.java:197) ~[spring-web-4.3.4.RELEASE.jar:4.3.4.RELEASE]
	at org.springframework.web.filter.OncePerRequestFilter.doFilter(OncePerRequestFilter.java:107) ~[spring-web-4.3.4.RELEASE.jar:4.3.4.RELEASE]
	at org.apache.catalina.core.ApplicationFilterChain.internalDoFilter(ApplicationFilterChain.java:192) ~[tomcat-embed-core-8.5.6.jar:8.5.6]
	at org.apache.catalina.core.ApplicationFilterChain.doFilter(ApplicationFilterChain.java:165) ~[tomcat-embed-core-8.5.6.jar:8.5.6]
	at org.apache.catalina.core.StandardWrapperValve.invoke(StandardWrapperValve.java:198) ~[tomcat-embed-core-8.5.6.jar:8.5.6]
	at org.apache.catalina.core.StandardContextValve.invoke(StandardContextValve.java:108) [tomcat-embed-core-8.5.6.jar:8.5.6]
	at org.apache.catalina.authenticator.AuthenticatorBase.invoke(AuthenticatorBase.java:472) [tomcat-embed-core-8.5.6.jar:8.5.6]
	at org.apache.catalina.core.StandardHostValve.invoke(StandardHostValve.java:140) [tomcat-embed-core-8.5.6.jar:8.5.6]
	at org.apache.catalina.valves.ErrorReportValve.invoke(ErrorReportValve.java:79) [tomcat-embed-core-8.5.6.jar:8.5.6]
	at org.apache.catalina.core.StandardEngineValve.invoke(StandardEngineValve.java:87) [tomcat-embed-core-8.5.6.jar:8.5.6]
	at org.apache.catalina.connector.CoyoteAdapter.service(CoyoteAdapter.java:349) [tomcat-embed-core-8.5.6.jar:8.5.6]
	at org.apache.coyote.http11.Http11Processor.service(Http11Processor.java:784) [tomcat-embed-core-8.5.6.jar:8.5.6]
	at org.apache.coyote.AbstractProcessorLight.process(AbstractProcessorLight.java:66) [tomcat-embed-core-8.5.6.jar:8.5.6]
	at org.apache.coyote.AbstractProtocol$ConnectionHandler.process(AbstractProtocol.java:802) [tomcat-embed-core-8.5.6.jar:8.5.6]
	at org.apache.tomcat.util.net.NioEndpoint$SocketProcessor.doRun(NioEndpoint.java:1410) [tomcat-embed-core-8.5.6.jar:8.5.6]
	at org.apache.tomcat.util.net.SocketProcessorBase.run(SocketProcessorBase.java:49) [tomcat-embed-core-8.5.6.jar:8.5.6]
	at java.util.concurrent.ThreadPoolExecutor.runWorker(ThreadPoolExecutor.java:1149) [na:1.8.0_144]
	at java.util.concurrent.ThreadPoolExecutor$Worker.run(ThreadPoolExecutor.java:624) [na:1.8.0_144]
	at org.apache.tomcat.util.threads.TaskThread$WrappingRunnable.run(TaskThread.java:61) [tomcat-embed-core-8.5.6.jar:8.5.6]
	at java.lang.Thread.run(Thread.java:748) [na:1.8.0_144]

2017-10-05 21:58:08.575  INFO 10100 --- [RMI TCP Connection(2)-127.0.0.1] inMXBeanRegistrar$SpringApplicationAdmin : Application shutdown requested.
2017-10-05 21:58:08.576  INFO 10100 --- [RMI TCP Connection(2)-127.0.0.1] ationConfigEmbeddedWebApplicationContext : Closing org.springframework.boot.context.embedded.AnnotationConfigEmbeddedWebApplicationContext@327514f: startup date [Thu Oct 05 21:48:18 CEST 2017]; root of context hierarchy
2017-10-05 21:58:08.578  INFO 10100 --- [RMI TCP Connection(2)-127.0.0.1] o.s.j.e.a.AnnotationMBeanExporter        : Unregistering JMX-exposed beans on shutdown
2017-10-05 21:58:08.578  INFO 10100 --- [RMI TCP Connection(2)-127.0.0.1] j.LocalContainerEntityManagerFactoryBean : Closing JPA EntityManagerFactory for persistence unit 'default'
2017-10-05 21:58:12.150  INFO 11600 --- [main] c.g.i.GestionincidentsApplication        : Starting GestionincidentsApplication on DESKTOP-OCPCT6L with PID 11600 (C:\Users\parko\Documents\workspace-sts-3.8.4.RELEASE\incident\target\classes started by parko in C:\Users\parko\Documents\workspace-sts-3.8.4.RELEASE\incident)
2017-10-05 21:58:12.152  INFO 11600 --- [main] c.g.i.GestionincidentsApplication        : No active profile set, falling back to default profiles: default
2017-10-05 21:58:12.188  INFO 11600 --- [main] ationConfigEmbeddedWebApplicationContext : Refreshing org.springframework.boot.context.embedded.AnnotationConfigEmbeddedWebApplicationContext@327514f: startup date [Thu Oct 05 21:58:12 CEST 2017]; root of context hierarchy
2017-10-05 21:58:13.289  INFO 11600 --- [main] trationDelegate$BeanPostProcessorChecker : Bean 'org.springframework.transaction.annotation.ProxyTransactionManagementConfiguration' of type [class org.springframework.transaction.annotation.ProxyTransactionManagementConfiguration$$EnhancerBySpringCGLIB$$eb47c933] is not eligible for getting processed by all BeanPostProcessors (for example: not eligible for auto-proxying)
2017-10-05 21:58:13.689  INFO 11600 --- [main] s.b.c.e.t.TomcatEmbeddedServletContainer : Tomcat initialized with port(s): 8080 (http)
2017-10-05 21:58:13.700  INFO 11600 --- [main] o.apache.catalina.core.StandardService   : Starting service Tomcat
2017-10-05 21:58:13.701  INFO 11600 --- [main] org.apache.catalina.core.StandardEngine  : Starting Servlet Engine: Apache Tomcat/8.5.6
2017-10-05 21:58:13.797  INFO 11600 --- [localhost-startStop-1] o.a.c.c.C.[Tomcat].[localhost].[/]       : Initializing Spring embedded WebApplicationContext
2017-10-05 21:58:13.798  INFO 11600 --- [localhost-startStop-1] o.s.web.context.ContextLoader            : Root WebApplicationContext: initialization completed in 1613 ms
2017-10-05 21:58:13.958  INFO 11600 --- [localhost-startStop-1] o.s.b.w.servlet.ServletRegistrationBean  : Mapping servlet: 'dispatcherServlet' to [/]
2017-10-05 21:58:13.963  INFO 11600 --- [localhost-startStop-1] o.s.b.w.servlet.FilterRegistrationBean   : Mapping filter: 'characterEncodingFilter' to: [/*]
2017-10-05 21:58:13.964  INFO 11600 --- [localhost-startStop-1] o.s.b.w.servlet.FilterRegistrationBean   : Mapping filter: 'hiddenHttpMethodFilter' to: [/*]
2017-10-05 21:58:13.964  INFO 11600 --- [localhost-startStop-1] o.s.b.w.servlet.FilterRegistrationBean   : Mapping filter: 'httpPutFormContentFilter' to: [/*]
2017-10-05 21:58:13.965  INFO 11600 --- [localhost-startStop-1] o.s.b.w.servlet.FilterRegistrationBean   : Mapping filter: 'requestContextFilter' to: [/*]
2017-10-05 21:58:14.464  INFO 11600 --- [main] j.LocalContainerEntityManagerFactoryBean : Building JPA container EntityManagerFactory for persistence unit 'default'
2017-10-05 21:58:14.481  INFO 11600 --- [main] o.hibernate.jpa.internal.util.LogHelper  : HHH000204: Processing PersistenceUnitInfo [
	name: default
	...]
2017-10-05 21:58:14.559  INFO 11600 --- [main] org.hibernate.Version                    : HHH000412: Hibernate Core {5.0.11.Final}
2017-10-05 21:58:14.560  INFO 11600 --- [main] org.hibernate.cfg.Environment            : HHH000206: hibernate.properties not found
2017-10-05 21:58:14.561  INFO 11600 --- [main] org.hibernate.cfg.Environment            : HHH000021: Bytecode provider name : javassist
2017-10-05 21:58:14.692  INFO 11600 --- [main] o.hibernate.annotations.common.Version   : HCANN000001: Hibernate Commons Annotations {5.0.1.Final}
2017-10-05 21:58:14.786  INFO 11600 --- [main] org.hibernate.dialect.Dialect            : HHH000400: Using dialect: org.hibernate.dialect.Oracle10gDialect
2017-10-05 21:58:15.183  INFO 11600 --- [main] j.LocalContainerEntityManagerFactoryBean : Initialized JPA EntityManagerFactory for persistence unit 'default'
2017-10-05 21:58:15.609  INFO 11600 --- [main] s.w.s.m.m.a.RequestMappingHandlerAdapter : Looking for @ControllerAdvice: org.springframework.boot.context.embedded.AnnotationConfigEmbeddedWebApplicationContext@327514f: startup date [Thu Oct 05 21:58:12 CEST 2017]; root of context hierarchy
2017-10-05 21:58:15.677  INFO 11600 --- [main] s.w.s.m.m.a.RequestMappingHandlerMapping : Mapped "{[/clients/{id}],methods=[PUT]}" onto public java.lang.String com.gestion.incident.controller.ClientController.UpdateClient(com.gestion.incident.bean.Client,java.lang.String)
2017-10-05 21:58:15.679  INFO 11600 --- [main] s.w.s.m.m.a.RequestMappingHandlerMapping : Mapped "{[/clients],methods=[POST]}" onto public java.lang.String com.gestion.incident.controller.ClientController.AddClient(com.gestion.incident.bean.Client)
2017-10-05 21:58:15.679  INFO 11600 --- [main] s.w.s.m.m.a.RequestMappingHandlerMapping : Mapped "{[/clients]}" onto public java.util.List<com.gestion.incident.bean.Client> com.gestion.incident.controller.ClientController.GetAllClients() throws java.text.ParseException
2017-10-05 21:58:15.679  INFO 11600 --- [main] s.w.s.m.m.a.RequestMappingHandlerMapping : Mapped "{[/clients/{id}],methods=[DELETE]}" onto public java.lang.String com.gestion.incident.controller.ClientController.DeleteClient(java.lang.String)
2017-10-05 21:58:15.680  INFO 11600 --- [main] s.w.s.m.m.a.RequestMappingHandlerMapping : Mapped "{[/client/{id}]}" onto public com.gestion.incident.bean.Client com.gestion.incident.controller.ClientController.GetClientById(java.lang.String)
2017-10-05 21:58:15.680  INFO 11600 --- [main] s.w.s.m.m.a.RequestMappingHandlerMapping : Mapped "{[/]}" onto public java.lang.String com.gestion.incident.controller.IncidentController.hello()
2017-10-05 21:58:15.683  INFO 11600 --- [main] s.w.s.m.m.a.RequestMappingHandlerMapping : Mapped "{[/error]}" onto public org.springframework.http.ResponseEntity<java.util.Map<java.lang.String, java.lang.Object>> org.springframework.boot.autoconfigure.web.BasicErrorController.error(javax.servlet.http.HttpServletRequest)
2017-10-05 21:58:15.683  INFO 11600 --- [main] s.w.s.m.m.a.RequestMappingHandlerMapping : Mapped "{[/error],produces=[text/html]}" onto public org.springframework.web.servlet.ModelAndView org.springframework.boot.autoconfigure.web.BasicErrorController.errorHtml(javax.servlet.http.HttpServletRequest,javax.servlet.http.HttpServletResponse)
2017-10-05 21:58:15.714  INFO 11600 --- [main] o.s.w.s.handler.SimpleUrlHandlerMapping  : Mapped URL path [/webjars/**] onto handler of type [class org.springframework.web.servlet.resource.ResourceHttpRequestHandler]
2017-10-05 21:58:15.714  INFO 11600 --- [main] o.s.w.s.handler.SimpleUrlHandlerMapping  : Mapped URL path [/**] onto handler of type [class org.springframework.web.servlet.resource.ResourceHttpRequestHandler]
2017-10-05 21:58:15.755  INFO 11600 --- [main] o.s.w.s.handler.SimpleUrlHandlerMapping  : Mapped URL path [/**/favicon.ico] onto handler of type [class org.springframework.web.servlet.resource.ResourceHttpRequestHandler]
2017-10-05 21:58:15.967  INFO 11600 --- [main] o.s.j.e.a.AnnotationMBeanExporter        : Registering beans for JMX exposure on startup
2017-10-05 21:58:16.023  INFO 11600 --- [main] s.b.c.e.t.TomcatEmbeddedServletContainer : Tomcat started on port(s): 8080 (http)
2017-10-05 21:58:16.028  INFO 11600 --- [main] c.g.i.GestionincidentsApplication        : Started GestionincidentsApplication in 4.197 seconds (JVM running for 4.673)
2017-10-05 21:58:21.021  INFO 11600 --- [http-nio-8080-exec-1] o.a.c.c.C.[Tomcat].[localhost].[/]       : Initializing Spring FrameworkServlet 'dispatcherServlet'
2017-10-05 21:58:21.021  INFO 11600 --- [http-nio-8080-exec-1] o.s.web.servlet.DispatcherServlet        : FrameworkServlet 'dispatcherServlet': initialization started
2017-10-05 21:58:21.039  INFO 11600 --- [http-nio-8080-exec-1] o.s.web.servlet.DispatcherServlet        : FrameworkServlet 'dispatcherServlet': initialization completed in 18 ms
2017-10-05 21:58:21.091  INFO 11600 --- [http-nio-8080-exec-1] o.h.h.i.QueryTranslatorFactoryInitiator  : HHH000397: Using ASTQueryTranslatorFactory
